<?xml version="1.0" encoding="UTF-8"?>
<testng-results ignored="0" total="1" passed="1" failed="0" skipped="0">
  <reporter-output>
    <line>
      <![CDATA[database connected successfully]]>
    </line>
    <line>
      <![CDATA[browser launched]]>
    </line>
    <line>
      <![CDATA[login successfully]]>
    </line>
    <line>
      <![CDATA[logout successfully]]>
    </line>
    <line>
      <![CDATA[browser closed]]>
    </line>
    <line>
      <![CDATA[database disconnected successfully]]>
    </line>
  </reporter-output>
  <suite started-at="2023-03-29T22:55:49 PDT" name="Default suite" finished-at="2023-03-29T22:56:17 PDT" duration-ms="27633">
    <groups>
    </groups>
    <test started-at="2023-03-29T22:55:49 PDT" name="Default test" finished-at="2023-03-29T22:56:17 PDT" duration-ms="27633">
      <class name="com.Actitime.Testscripts.TaskTest">
        <test-method is-config="true" signature="databaseconnection()[pri:0, instance:com.Actitime.Testscripts.TaskTest@47faa49c]" started-at="2023-03-29T22:55:49 PDT" name="databaseconnection" finished-at="2023-03-29T22:55:49 PDT" duration-ms="9" status="PASS">
          <reporter-output>
            <line>
              <![CDATA[database connected successfully]]>
            </line>
          </reporter-output>
        </test-method> <!-- databaseconnection -->
        <test-method is-config="true" signature="launchbrowser()[pri:0, instance:com.Actitime.Testscripts.TaskTest@47faa49c]" started-at="2023-03-29T22:55:49 PDT" name="launchbrowser" finished-at="2023-03-29T22:56:03 PDT" duration-ms="13678" status="PASS">
          <reporter-output>
            <line>
              <![CDATA[browser launched]]>
            </line>
          </reporter-output>
        </test-method> <!-- launchbrowser -->
        <test-method is-config="true" signature="login()[pri:0, instance:com.Actitime.Testscripts.TaskTest@47faa49c]" started-at="2023-03-29T22:56:03 PDT" name="login" finished-at="2023-03-29T22:56:04 PDT" duration-ms="540" status="PASS">
          <reporter-output>
            <line>
              <![CDATA[login successfully]]>
            </line>
          </reporter-output>
        </test-method> <!-- login -->
        <test-method signature="creatcustomer()[pri:0, instance:com.Actitime.Testscripts.TaskTest@47faa49c]" started-at="2023-03-29T22:56:04 PDT" name="creatcustomer" finished-at="2023-03-29T22:56:14 PDT" duration-ms="10871" status="PASS">
          <reporter-output>
          </reporter-output>
        </test-method> <!-- creatcustomer -->
        <test-method is-config="true" signature="logout()[pri:0, instance:com.Actitime.Testscripts.TaskTest@47faa49c]" started-at="2023-03-29T22:56:14 PDT" name="logout" finished-at="2023-03-29T22:56:17 PDT" duration-ms="2275" status="PASS">
          <reporter-output>
            <line>
              <![CDATA[logout successfully]]>
            </line>
          </reporter-output>
        </test-method> <!-- logout -->
        <test-method is-config="true" signature="closebrowser()[pri:0, instance:com.Actitime.Testscripts.TaskTest@47faa49c]" started-at="2023-03-29T22:56:17 PDT" name="closebrowser" finished-at="2023-03-29T22:56:17 PDT" duration-ms="222" status="PASS">
          <reporter-output>
            <line>
              <![CDATA[browser closed]]>
            </line>
          </reporter-output>
        </test-method> <!-- closebrowser -->
        <test-method is-config="true" signature="databasedisconnection()[pri:0, instance:com.Actitime.Testscripts.TaskTest@47faa49c]" started-at="2023-03-29T22:56:17 PDT" name="databasedisconnection" finished-at="2023-03-29T22:56:17 PDT" duration-ms="2" status="PASS">
          <reporter-output>
            <line>
              <![CDATA[database disconnected successfully]]>
            </line>
          </reporter-output>
        </test-method> <!-- databasedisconnection -->
      </class> <!-- com.Actitime.Testscripts.TaskTest -->
    </test> <!-- Default test -->
  </suite> <!-- Default suite -->
</testng-results>
